<?xml version="1.0" encoding="UTF-8"?>
<!-- Generated by org.testng.reporters.JUnitReportReporter -->
<testsuite hostname="arvndu" failures="0" tests="1" name="testcases.tc_login_02" time="4.990" errors="0" timestamp="2023-12-15T10:13:10 IST" skipped="0">
  <testcase classname="testcases.tc_login_02" name="login" time="4.990"/>
  <system-out/>
</testsuite> <!-- testcases.tc_login_02 -->
