<?xml version="1.0" encoding="UTF-8"?>
<!-- Generated by org.testng.reporters.JUnitReportReporter -->
<testsuite hostname="arvndu" failures="0" tests="1" name="testcases.tc_regis_01" time="7.550" errors="0" timestamp="2023-12-15T10:13:50 IST" skipped="0">
  <testcase classname="testcases.tc_regis_01" name="details" time="7.550"/>
  <system-out/>
</testsuite> <!-- testcases.tc_regis_01 -->
